(0000) 3000  0011000000000000 (   1)                 .ORIG x3000
(3000) 2C08  0010110000001000 (   3)                 LD    R6 STACK_PTR
(3001) E008  1110000000001000 (   4)                 LEA   R0 PROMPT_MSG
(3002) F022  1111000000100010 (   5)                 TRAP  x22
(3003) 485D  0100100001011101 (   7)                 JSR   SUB_GET_INPUT
(3004) E043  1110000001000011 (   9)                 LEA   R0 NEWLINE_MSG
(3005) F022  1111000000100010 (  10)                 TRAP  x22
(3006) 489C  0100100010011100 (  12)                 JSR   SUB_BUBBLE_SORT
(3007) 48CA  0100100011001010 (  13)                 JSR   SUB_PRINT_OUTPUT
(3008) F025  1111000000100101 (  15)                 TRAP  x25
(3009) 4000  0100000000000000 (  17) STACK_PTR       .FILL x4000
(300A) 0045  0000000001000101 (  18) PROMPT_MSG      .FILL x0045
(300B) 006E  0000000001101110 (  18)                 .FILL x006E
(300C) 0074  0000000001110100 (  18)                 .FILL x0074
(300D) 0065  0000000001100101 (  18)                 .FILL x0065
(300E) 0072  0000000001110010 (  18)                 .FILL x0072
(300F) 0020  0000000000100000 (  18)                 .FILL x0020
(3010) 0038  0000000000111000 (  18)                 .FILL x0038
(3011) 0020  0000000000100000 (  18)                 .FILL x0020
(3012) 006E  0000000001101110 (  18)                 .FILL x006E
(3013) 0075  0000000001110101 (  18)                 .FILL x0075
(3014) 006D  0000000001101101 (  18)                 .FILL x006D
(3015) 0062  0000000001100010 (  18)                 .FILL x0062
(3016) 0065  0000000001100101 (  18)                 .FILL x0065
(3017) 0072  0000000001110010 (  18)                 .FILL x0072
(3018) 0073  0000000001110011 (  18)                 .FILL x0073
(3019) 0020  0000000000100000 (  18)                 .FILL x0020
(301A) 0028  0000000000101000 (  18)                 .FILL x0028
(301B) 0030  0000000000110000 (  18)                 .FILL x0030
(301C) 002D  0000000000101101 (  18)                 .FILL x002D
(301D) 0031  0000000000110001 (  18)                 .FILL x0031
(301E) 0030  0000000000110000 (  18)                 .FILL x0030
(301F) 0030  0000000000110000 (  18)                 .FILL x0030
(3020) 0029  0000000000101001 (  18)                 .FILL x0029
(3021) 0020  0000000000100000 (  18)                 .FILL x0020
(3022) 0073  0000000001110011 (  18)                 .FILL x0073
(3023) 0065  0000000001100101 (  18)                 .FILL x0065
(3024) 0070  0000000001110000 (  18)                 .FILL x0070
(3025) 0061  0000000001100001 (  18)                 .FILL x0061
(3026) 0072  0000000001110010 (  18)                 .FILL x0072
(3027) 0061  0000000001100001 (  18)                 .FILL x0061
(3028) 0074  0000000001110100 (  18)                 .FILL x0074
(3029) 0065  0000000001100101 (  18)                 .FILL x0065
(302A) 0064  0000000001100100 (  18)                 .FILL x0064
(302B) 0020  0000000000100000 (  18)                 .FILL x0020
(302C) 0062  0000000001100010 (  18)                 .FILL x0062
(302D) 0079  0000000001111001 (  18)                 .FILL x0079
(302E) 0020  0000000000100000 (  18)                 .FILL x0020
(302F) 0073  0000000001110011 (  18)                 .FILL x0073
(3030) 0070  0000000001110000 (  18)                 .FILL x0070
(3031) 0061  0000000001100001 (  18)                 .FILL x0061
(3032) 0063  0000000001100011 (  18)                 .FILL x0063
(3033) 0065  0000000001100101 (  18)                 .FILL x0065
(3034) 0073  0000000001110011 (  18)                 .FILL x0073
(3035) 002C  0000000000101100 (  18)                 .FILL x002C
(3036) 0020  0000000000100000 (  18)                 .FILL x0020
(3037) 0074  0000000001110100 (  18)                 .FILL x0074
(3038) 0068  0000000001101000 (  18)                 .FILL x0068
(3039) 0065  0000000001100101 (  18)                 .FILL x0065
(303A) 006E  0000000001101110 (  18)                 .FILL x006E
(303B) 0020  0000000000100000 (  18)                 .FILL x0020
(303C) 0068  0000000001101000 (  18)                 .FILL x0068
(303D) 0069  0000000001101001 (  18)                 .FILL x0069
(303E) 0074  0000000001110100 (  18)                 .FILL x0074
(303F) 0020  0000000000100000 (  18)                 .FILL x0020
(3040) 0045  0000000001000101 (  18)                 .FILL x0045
(3041) 006E  0000000001101110 (  18)                 .FILL x006E
(3042) 0074  0000000001110100 (  18)                 .FILL x0074
(3043) 0065  0000000001100101 (  18)                 .FILL x0065
(3044) 0072  0000000001110010 (  18)                 .FILL x0072
(3045) 003A  0000000000111010 (  18)                 .FILL x003A
(3046) 000A  0000000000001010 (  18)                 .FILL x000A
(3047) 0000  0000000000000000 (  18)                 .FILL x0000
(3048) 000A  0000000000001010 (  19) NEWLINE_MSG     .FILL x000A
(3049) 0053  0000000001010011 (  19)                 .FILL x0053
(304A) 006F  0000000001101111 (  19)                 .FILL x006F
(304B) 0072  0000000001110010 (  19)                 .FILL x0072
(304C) 0074  0000000001110100 (  19)                 .FILL x0074
(304D) 0065  0000000001100101 (  19)                 .FILL x0065
(304E) 0064  0000000001100100 (  19)                 .FILL x0064
(304F) 0020  0000000000100000 (  19)                 .FILL x0020
(3050) 004F  0000000001001111 (  19)                 .FILL x004F
(3051) 0075  0000000001110101 (  19)                 .FILL x0075
(3052) 0074  0000000001110100 (  19)                 .FILL x0074
(3053) 0070  0000000001110000 (  19)                 .FILL x0070
(3054) 0075  0000000001110101 (  19)                 .FILL x0075
(3055) 0074  0000000001110100 (  19)                 .FILL x0074
(3056) 003A  0000000000111010 (  19)                 .FILL x003A
(3057) 0020  0000000000100000 (  19)                 .FILL x0020
(3058) 0000  0000000000000000 (  19)                 .FILL x0000
(3059) 0000  0000000000000000 (  23) ARRAY_BASE      .FILL x0000
(305A) 0000  0000000000000000 (  23)                 .FILL x0000
(305B) 0000  0000000000000000 (  23)                 .FILL x0000
(305C) 0000  0000000000000000 (  23)                 .FILL x0000
(305D) 0000  0000000000000000 (  23)                 .FILL x0000
(305E) 0000  0000000000000000 (  23)                 .FILL x0000
(305F) 0000  0000000000000000 (  23)                 .FILL x0000
(3060) 0000  0000000000000000 (  23)                 .FILL x0000
(3061) 1DBF  0001110110111111 (  24) SUB_GET_INPUT   ADD   R6 R6 #-1
(3062) 7F80  0111111110000000 (  25)                 STR   R7 R6 #0
(3063) 1DBF  0001110110111111 (  26)                 ADD   R6 R6 #-1
(3064) 7180  0111000110000000 (  27)                 STR   R0 R6 #0
(3065) 1DBF  0001110110111111 (  28)                 ADD   R6 R6 #-1
(3066) 7380  0111001110000000 (  29)                 STR   R1 R6 #0
(3067) 1DBF  0001110110111111 (  30)                 ADD   R6 R6 #-1
(3068) 7580  0111010110000000 (  31)                 STR   R2 R6 #0
(3069) 1DBF  0001110110111111 (  32)                 ADD   R6 R6 #-1
(306A) 7780  0111011110000000 (  33)                 STR   R3 R6 #0
(306B) 1DBF  0001110110111111 (  34)                 ADD   R6 R6 #-1
(306C) 7980  0111100110000000 (  35)                 STR   R4 R6 #0
(306D) 1DBF  0001110110111111 (  36)                 ADD   R6 R6 #-1
(306E) 7B80  0111101110000000 (  37)                 STR   R5 R6 #0
(306F) E5E9  1110010111101001 (  39)                 LEA   R2 ARRAY_BASE
(3070) 5260  0101001001100000 (  40)                 AND   R1 R1 #0
(3071) 1268  0001001001101000 (  41)                 ADD   R1 R1 #8
(3072) 56E0  0101011011100000 (  44) GI_NUM_LOOP     AND   R3 R3 #0
(3073) F020  1111000000100000 (  46) GI_DIGIT_LOOP   TRAP  x20
(3074) F021  1111000000100001 (  47)                 TRAP  x21
(3075) 1830  0001100000110000 (  49)                 ADD   R4 R0 #-16
(3076) 1930  0001100100110000 (  50)                 ADD   R4 R4 #-16
(3077) 040D  0000010000001101 (  51)                 BRZ   GI_STORE_NUM
(3078) 1836  0001100000110110 (  53)                 ADD   R4 R0 #-10
(3079) 040B  0000010000001011 (  54)                 BRZ   GI_STORE_NUM
(307A) 2827  0010100000100111 (  56)                 LD    R4 GI_ASCII_OFFSET
(307B) 1004  0001000000000100 (  57)                 ADD   R0 R0 R4
(307C) 0808  0000100000001000 (  58)                 BRN   GI_STORE_NUM
(307D) 1A36  0001101000110110 (  59)                 ADD   R5 R0 #-10
(307E) 0606  0000011000000110 (  60)                 BRZP  GI_STORE_NUM
(307F) 1AC3  0001101011000011 (  62)                 ADD   R5 R3 R3
(3080) 1745  0001011101000101 (  63)                 ADD   R3 R5 R5
(3081) 16C3  0001011011000011 (  64)                 ADD   R3 R3 R3
(3082) 16C5  0001011011000101 (  65)                 ADD   R3 R3 R5
(3083) 16C0  0001011011000000 (  66)                 ADD   R3 R3 R0
(3084) 0FEE  0000111111101110 (  68)                 BRNZP GI_DIGIT_LOOP
(3085) 7680  0111011010000000 (  71) GI_STORE_NUM    STR   R3 R2 #0
(3086) 14A1  0001010010100001 (  72)                 ADD   R2 R2 #1
(3087) 127F  0001001001111111 (  73)                 ADD   R1 R1 #-1
(3088) 040A  0000010000001010 (  74)                 BRZ   GI_DONE
(3089) F020  1111000000100000 (  77) GI_SKIP_DELIMITERS TRAP  x20
(308A) F021  1111000000100001 (  78)                 TRAP  x21
(308B) 1830  0001100000110000 (  80)                 ADD   R4 R0 #-16
(308C) 1930  0001100100110000 (  81)                 ADD   R4 R4 #-16
(308D) 05FB  0000010111111011 (  82)                 BRZ   GI_SKIP_DELIMITERS
(308E) 1836  0001100000110110 (  84)                 ADD   R4 R0 #-10
(308F) 05F9  0000010111111001 (  85)                 BRZ   GI_SKIP_DELIMITERS
(3090) 2811  0010100000010001 (  87)                 LD    R4 GI_ASCII_OFFSET
(3091) 1604  0001011000000100 (  88)                 ADD   R3 R0 R4
(3092) 0FE0  0000111111100000 (  89)                 BRNZP GI_DIGIT_LOOP
(3093) 6B80  0110101110000000 (  92) GI_DONE         LDR   R5 R6 #0
(3094) 1DA1  0001110110100001 (  93)                 ADD   R6 R6 #1
(3095) 6980  0110100110000000 (  94)                 LDR   R4 R6 #0
(3096) 1DA1  0001110110100001 (  95)                 ADD   R6 R6 #1
(3097) 6780  0110011110000000 (  96)                 LDR   R3 R6 #0
(3098) 1DA1  0001110110100001 (  97)                 ADD   R6 R6 #1
(3099) 6580  0110010110000000 (  98)                 LDR   R2 R6 #0
(309A) 1DA1  0001110110100001 (  99)                 ADD   R6 R6 #1
(309B) 6380  0110001110000000 ( 100)                 LDR   R1 R6 #0
(309C) 1DA1  0001110110100001 ( 101)                 ADD   R6 R6 #1
(309D) 6180  0110000110000000 ( 102)                 LDR   R0 R6 #0
(309E) 1DA1  0001110110100001 ( 103)                 ADD   R6 R6 #1
(309F) 6F80  0110111110000000 ( 104)                 LDR   R7 R6 #0
(30A0) 1DA1  0001110110100001 ( 105)                 ADD   R6 R6 #1
(30A1) C1C0  1100000111000000 ( 107)                 RET   
(30A2) FFD0  1111111111010000 ( 109) GI_ASCII_OFFSET .FILL xFFD0
(30A3) 1DBF  0001110110111111 ( 112) SUB_BUBBLE_SORT ADD   R6 R6 #-1
(30A4) 7F80  0111111110000000 ( 113)                 STR   R7 R6 #0
(30A5) 1DBF  0001110110111111 ( 114)                 ADD   R6 R6 #-1
(30A6) 7180  0111000110000000 ( 115)                 STR   R0 R6 #0
(30A7) 1DBF  0001110110111111 ( 116)                 ADD   R6 R6 #-1
(30A8) 7380  0111001110000000 ( 117)                 STR   R1 R6 #0
(30A9) 1DBF  0001110110111111 ( 118)                 ADD   R6 R6 #-1
(30AA) 7580  0111010110000000 ( 119)                 STR   R2 R6 #0
(30AB) 1DBF  0001110110111111 ( 120)                 ADD   R6 R6 #-1
(30AC) 7780  0111011110000000 ( 121)                 STR   R3 R6 #0
(30AD) 1DBF  0001110110111111 ( 122)                 ADD   R6 R6 #-1
(30AE) 7980  0111100110000000 ( 123)                 STR   R4 R6 #0
(30AF) 1DBF  0001110110111111 ( 124)                 ADD   R6 R6 #-1
(30B0) 7B80  0111101110000000 ( 125)                 STR   R5 R6 #0
(30B1) 5260  0101001001100000 ( 127)                 AND   R1 R1 #0
(30B2) 1267  0001001001100111 ( 128)                 ADD   R1 R1 #7
(30B3) 040F  0000010000001111 ( 131) BS_OUTER_LOOP   BRZ   BS_DONE
(30B4) 1460  0001010001100000 ( 133)                 ADD   R2 R1 #0
(30B5) E7A3  1110011110100011 ( 134)                 LEA   R3 ARRAY_BASE
(30B6) 68C0  0110100011000000 ( 137) BS_INNER_LOOP   LDR   R4 R3 #0
(30B7) 6AC1  0110101011000001 ( 138)                 LDR   R5 R3 #1
(30B8) 917F  1001000101111111 ( 140)                 NOT   R0 R5
(30B9) 1021  0001000000100001 ( 141)                 ADD   R0 R0 #1
(30BA) 1100  0001000100000000 ( 142)                 ADD   R0 R4 R0
(30BB) 0C02  0000110000000010 ( 144)                 BRNZ  BS_NO_SWAP
(30BC) 7AC0  0111101011000000 ( 146)                 STR   R5 R3 #0
(30BD) 78C1  0111100011000001 ( 147)                 STR   R4 R3 #1
(30BE) 16E1  0001011011100001 ( 150) BS_NO_SWAP      ADD   R3 R3 #1
(30BF) 14BF  0001010010111111 ( 151)                 ADD   R2 R2 #-1
(30C0) 03F5  0000001111110101 ( 152)                 BRP   BS_INNER_LOOP
(30C1) 127F  0001001001111111 ( 154)                 ADD   R1 R1 #-1
(30C2) 0FF0  0000111111110000 ( 155)                 BRNZP BS_OUTER_LOOP
(30C3) 6B80  0110101110000000 ( 158) BS_DONE         LDR   R5 R6 #0
(30C4) 1DA1  0001110110100001 ( 159)                 ADD   R6 R6 #1
(30C5) 6980  0110100110000000 ( 160)                 LDR   R4 R6 #0
(30C6) 1DA1  0001110110100001 ( 161)                 ADD   R6 R6 #1
(30C7) 6780  0110011110000000 ( 162)                 LDR   R3 R6 #0
(30C8) 1DA1  0001110110100001 ( 163)                 ADD   R6 R6 #1
(30C9) 6580  0110010110000000 ( 164)                 LDR   R2 R6 #0
(30CA) 1DA1  0001110110100001 ( 165)                 ADD   R6 R6 #1
(30CB) 6380  0110001110000000 ( 166)                 LDR   R1 R6 #0
(30CC) 1DA1  0001110110100001 ( 167)                 ADD   R6 R6 #1
(30CD) 6180  0110000110000000 ( 168)                 LDR   R0 R6 #0
(30CE) 1DA1  0001110110100001 ( 169)                 ADD   R6 R6 #1
(30CF) 6F80  0110111110000000 ( 170)                 LDR   R7 R6 #0
(30D0) 1DA1  0001110110100001 ( 171)                 ADD   R6 R6 #1
(30D1) C1C0  1100000111000000 ( 173)                 RET   
(30D2) 1DBF  0001110110111111 ( 176) SUB_PRINT_OUTPUT ADD   R6 R6 #-1
(30D3) 7F80  0111111110000000 ( 177)                 STR   R7 R6 #0
(30D4) 1DBF  0001110110111111 ( 178)                 ADD   R6 R6 #-1
(30D5) 7180  0111000110000000 ( 179)                 STR   R0 R6 #0
(30D6) 1DBF  0001110110111111 ( 180)                 ADD   R6 R6 #-1
(30D7) 7380  0111001110000000 ( 181)                 STR   R1 R6 #0
(30D8) 1DBF  0001110110111111 ( 182)                 ADD   R6 R6 #-1
(30D9) 7580  0111010110000000 ( 183)                 STR   R2 R6 #0
(30DA) 1DBF  0001110110111111 ( 184)                 ADD   R6 R6 #-1
(30DB) 7780  0111011110000000 ( 185)                 STR   R3 R6 #0
(30DC) 1DBF  0001110110111111 ( 186)                 ADD   R6 R6 #-1
(30DD) 7980  0111100110000000 ( 187)                 STR   R4 R6 #0
(30DE) 1DBF  0001110110111111 ( 188)                 ADD   R6 R6 #-1
(30DF) 7B80  0111101110000000 ( 189)                 STR   R5 R6 #0
(30E0) E578  1110010101111000 ( 191)                 LEA   R2 ARRAY_BASE
(30E1) 5260  0101001001100000 ( 192)                 AND   R1 R1 #0
(30E2) 1268  0001001001101000 ( 193)                 ADD   R1 R1 #8
(30E3) 6680  0110011010000000 ( 196) PO_NUM_LOOP     LDR   R3 R2 #0
(30E4) 5920  0101100100100000 ( 198)                 AND   R4 R4 #0
(30E5) 203A  0010000000111010 ( 201) PO_HUNDREDS_LOOP LD    R0 MINUS_100
(30E6) 10C0  0001000011000000 ( 202)                 ADD   R0 R3 R0
(30E7) 0803  0000100000000011 ( 203)                 BRN   PO_HUNDREDS_DONE
(30E8) 1620  0001011000100000 ( 204)                 ADD   R3 R0 #0
(30E9) 1921  0001100100100001 ( 205)                 ADD   R4 R4 #1
(30EA) 0FFA  0000111111111010 ( 206)                 BRNZP PO_HUNDREDS_LOOP
(30EB) 5B60  0101101101100000 ( 209) PO_HUNDREDS_DONE AND   R5 R5 #0
(30EC) 2034  0010000000110100 ( 212) PO_TENS_LOOP    LD    R0 MINUS_10
(30ED) 10C0  0001000011000000 ( 213)                 ADD   R0 R3 R0
(30EE) 0803  0000100000000011 ( 214)                 BRN   PO_TENS_DONE
(30EF) 1620  0001011000100000 ( 215)                 ADD   R3 R0 #0
(30F0) 1B61  0001101101100001 ( 216)                 ADD   R5 R5 #1
(30F1) 0FFA  0000111111111010 ( 217)                 BRNZP PO_TENS_LOOP
(30F2) 1120  0001000100100000 ( 220) PO_TENS_DONE    ADD   R0 R4 #0
(30F3) 020D  0000001000001101 ( 221)                 BRP   PO_PRINT_ALL3
(30F4) 1160  0001000101100000 ( 223)                 ADD   R0 R5 #0
(30F5) 0204  0000001000000100 ( 224)                 BRP   PO_PRINT_TO
(30F6) 2027  0010000000100111 ( 226)                 LD    R0 ASCII_BASE
(30F7) 10C0  0001000011000000 ( 227)                 ADD   R0 R3 R0
(30F8) F021  1111000000100001 ( 228)                 TRAP  x21
(30F9) 0E10  0000111000010000 ( 229)                 BRNZP PO_PRINT_SPACE
(30FA) 2023  0010000000100011 ( 232) PO_PRINT_TO     LD    R0 ASCII_BASE
(30FB) 1140  0001000101000000 ( 233)                 ADD   R0 R5 R0
(30FC) F021  1111000000100001 ( 234)                 TRAP  x21
(30FD) 2020  0010000000100000 ( 235)                 LD    R0 ASCII_BASE
(30FE) 10C0  0001000011000000 ( 236)                 ADD   R0 R3 R0
(30FF) F021  1111000000100001 ( 237)                 TRAP  x21
(3100) 0E09  0000111000001001 ( 238)                 BRNZP PO_PRINT_SPACE
(3101) 201C  0010000000011100 ( 241) PO_PRINT_ALL3   LD    R0 ASCII_BASE
(3102) 1100  0001000100000000 ( 242)                 ADD   R0 R4 R0
(3103) F021  1111000000100001 ( 243)                 TRAP  x21
(3104) 2019  0010000000011001 ( 244)                 LD    R0 ASCII_BASE
(3105) 1140  0001000101000000 ( 245)                 ADD   R0 R5 R0
(3106) F021  1111000000100001 ( 246)                 TRAP  x21
(3107) 2016  0010000000010110 ( 247)                 LD    R0 ASCII_BASE
(3108) 10C0  0001000011000000 ( 248)                 ADD   R0 R3 R0
(3109) F021  1111000000100001 ( 249)                 TRAP  x21
(310A) 2014  0010000000010100 ( 252) PO_PRINT_SPACE  LD    R0 ASCII_SPACE
(310B) F021  1111000000100001 ( 253)                 TRAP  x21
(310C) 14A1  0001010010100001 ( 255)                 ADD   R2 R2 #1
(310D) 127F  0001001001111111 ( 256)                 ADD   R1 R1 #-1
(310E) 03D4  0000001111010100 ( 257)                 BRP   PO_NUM_LOOP
(310F) 6B80  0110101110000000 ( 259)                 LDR   R5 R6 #0
(3110) 1DA1  0001110110100001 ( 260)                 ADD   R6 R6 #1
(3111) 6980  0110100110000000 ( 261)                 LDR   R4 R6 #0
(3112) 1DA1  0001110110100001 ( 262)                 ADD   R6 R6 #1
(3113) 6780  0110011110000000 ( 263)                 LDR   R3 R6 #0
(3114) 1DA1  0001110110100001 ( 264)                 ADD   R6 R6 #1
(3115) 6580  0110010110000000 ( 265)                 LDR   R2 R6 #0
(3116) 1DA1  0001110110100001 ( 266)                 ADD   R6 R6 #1
(3117) 6380  0110001110000000 ( 267)                 LDR   R1 R6 #0
(3118) 1DA1  0001110110100001 ( 268)                 ADD   R6 R6 #1
(3119) 6180  0110000110000000 ( 269)                 LDR   R0 R6 #0
(311A) 1DA1  0001110110100001 ( 270)                 ADD   R6 R6 #1
(311B) 6F80  0110111110000000 ( 271)                 LDR   R7 R6 #0
(311C) 1DA1  0001110110100001 ( 272)                 ADD   R6 R6 #1
(311D) C1C0  1100000111000000 ( 274)                 RET   
(311E) 0030  0000000000110000 ( 276) ASCII_BASE      .FILL x0030
(311F) 0020  0000000000100000 ( 277) ASCII_SPACE     .FILL x0020
(3120) FF9C  1111111110011100 ( 278) MINUS_100       .FILL xFF9C
(3121) FFF6  1111111111110110 ( 279) MINUS_10        .FILL xFFF6
